<?xml version="1.0" encoding="utf-8"?>
<coverage line-rate="0.40950000000000003" branch-rate="0.7636" version="1.9" timestamp="1779686275" lines-covered="629" lines-valid="1536" branches-covered="84" branches-valid="110">
  <sources>
    <source>D:\ThinkBridge\thinkschool\Day-4\piece-2\</source>
  </sources>
  <packages>
    <package name="QuotesApi" line-rate="0.40950000000000003" branch-rate="0.7636" complexity="200">
      <classes>
        <class name="Program/&lt;&lt;Main&gt;$&gt;d__0" filename="Program.cs" line-rate="0.7391" branch-rate="0.75" complexity="4">
          <methods>
            <method name="MoveNext" signature="()" line-rate="0.7391" branch-rate="0.75" complexity="4">
              <lines>
                <line number="6" hits="33" branch="False" />
                <line number="8" hits="33" branch="False" />
                <line number="10" hits="33" branch="False" />
                <line number="12" hits="33" branch="False" />
                <line number="14" hits="33" branch="False" />
                <line number="16" hits="33" branch="False" />
                <line number="17" hits="33" branch="False" />
                <line number="19" hits="33" branch="True" condition-coverage="50% (1/2)">
                  <conditions>
                    <condition number="163" type="jump" coverage="50%" />
                  </conditions>
                </line>
                <line number="20" hits="0" branch="False" />
                <line number="21" hits="0" branch="False" />
                <line number="22" hits="0" branch="False" />
                <line number="23" hits="0" branch="False" />
                <line number="24" hits="0" branch="False" />
                <line number="25" hits="0" branch="False" />
                <line number="27" hits="33" branch="False" />
                <line number="28" hits="33" branch="False" />
                <line number="29" hits="33" branch="False" />
                <line number="31" hits="33" branch="True" condition-coverage="100% (2/2)">
                  <conditions>
                    <condition number="442" type="jump" coverage="100%" />
                  </conditions>
                </line>
                <line number="32" hits="33" branch="False" />
                <line number="33" hits="35" branch="False" />
                <line number="34" hits="35" branch="False" />
                <line number="35" hits="33" branch="False" />
                <line number="37" hits="33" branch="False" />
              </lines>
            </method>
          </methods>
          <lines>
            <line number="6" hits="33" branch="False" />
            <line number="8" hits="33" branch="False" />
            <line number="10" hits="33" branch="False" />
            <line number="12" hits="33" branch="False" />
            <line number="14" hits="33" branch="False" />
            <line number="16" hits="33" branch="False" />
            <line number="17" hits="33" branch="False" />
            <line number="19" hits="33" branch="True" condition-coverage="50% (1/2)">
              <conditions>
                <condition number="163" type="jump" coverage="50%" />
              </conditions>
            </line>
            <line number="20" hits="0" branch="False" />
            <line number="21" hits="0" branch="False" />
            <line number="22" hits="0" branch="False" />
            <line number="23" hits="0" branch="False" />
            <line number="24" hits="0" branch="False" />
            <line number="25" hits="0" branch="False" />
            <line number="27" hits="33" branch="False" />
            <line number="28" hits="33" branch="False" />
            <line number="29" hits="33" branch="False" />
            <line number="31" hits="33" branch="True" condition-coverage="100% (2/2)">
              <conditions>
                <condition number="442" type="jump" coverage="100%" />
              </conditions>
            </line>
            <line number="32" hits="33" branch="False" />
            <line number="33" hits="35" branch="False" />
            <line number="34" hits="35" branch="False" />
            <line number="35" hits="33" branch="False" />
            <line number="37" hits="33" branch="False" />
          </lines>
        </class>
        <class name="QuotesApi.Services.SystemClock" filename="Services\SystemClock.cs" line-rate="0" branch-rate="1" complexity="1">
          <methods>
            <method name="get_UtcNow" signature="()" line-rate="0" branch-rate="1" complexity="1">
              <lines>
                <line number="5" hits="0" branch="False" />
              </lines>
            </method>
          </methods>
          <lines>
            <line number="5" hits="0" branch="False" />
          </lines>
        </class>
        <class name="QuotesApi.Services.TokenService" filename="Services\TokenService.cs" line-rate="0.9642000000000001" branch-rate="0.6666" complexity="9">
          <methods>
            <method name="CreateAccessToken" signature="(QuotesApi.Models.User)" line-rate="0.96" branch-rate="0.6666" complexity="6">
              <lines>
                <line number="13" hits="25" branch="False" />
                <line number="14" hits="25" branch="True" condition-coverage="50% (1/2)">
                  <conditions>
                    <condition number="18" type="jump" coverage="50%" />
                  </conditions>
                </line>
                <line number="15" hits="25" branch="False" />
                <line number="17" hits="25" branch="True" condition-coverage="50% (1/2)">
                  <conditions>
                    <condition number="52" type="jump" coverage="50%" />
                  </conditions>
                </line>
                <line number="18" hits="0" branch="False" />
                <line number="20" hits="25" branch="False" />
                <line number="21" hits="25" branch="False" />
                <line number="23" hits="25" branch="False" />
                <line number="25" hits="25" branch="False" />
                <line number="26" hits="25" branch="False" />
                <line number="27" hits="25" branch="False" />
                <line number="28" hits="25" branch="False" />
                <line number="29" hits="25" branch="False" />
                <line number="30" hits="25" branch="False" />
                <line number="32" hits="25" branch="True" condition-coverage="100% (2/2)">
                  <conditions>
                    <condition number="232" type="jump" coverage="100%" />
                  </conditions>
                </line>
                <line number="33" hits="21" branch="False" />
                <line number="35" hits="25" branch="False" />
                <line number="37" hits="25" branch="False" />
                <line number="38" hits="25" branch="False" />
                <line number="39" hits="25" branch="False" />
                <line number="40" hits="25" branch="False" />
                <line number="41" hits="25" branch="False" />
                <line number="42" hits="25" branch="False" />
                <line number="44" hits="25" branch="False" />
                <line number="45" hits="25" branch="False" />
              </lines>
            </method>
            <method name="CreateRefreshToken" signature="()" line-rate="1" branch-rate="1" complexity="1">
              <lines>
                <line number="48" hits="25" branch="False" />
              </lines>
            </method>
            <method name="HashToken" signature="(System.String)" line-rate="1" branch-rate="1" complexity="1">
              <lines>
                <line number="51" hits="32" branch="False" />
              </lines>
            </method>
            <method name=".ctor" signature="(Microsoft.Extensions.Configuration.IConfiguration,QuotesApi.Services.IClock)" line-rate="1" branch-rate="1" complexity="1">
              <lines>
                <line number="10" hits="32" branch="False" />
              </lines>
            </method>
          </methods>
          <lines>
            <line number="13" hits="25" branch="False" />
            <line number="14" hits="25" branch="True" condition-coverage="50% (1/2)">
              <conditions>
                <condition number="18" type="jump" coverage="50%" />
              </conditions>
            </line>
            <line number="15" hits="25" branch="False" />
            <line number="17" hits="25" branch="True" condition-coverage="50% (1/2)">
              <conditions>
                <condition number="52" type="jump" coverage="50%" />
              </conditions>
            </line>
            <line number="18" hits="0" branch="False" />
            <line number="20" hits="25" branch="False" />
            <line number="21" hits="25" branch="False" />
            <line number="23" hits="25" branch="False" />
            <line number="25" hits="25" branch="False" />
            <line number="26" hits="25" branch="False" />
            <line number="27" hits="25" branch="False" />
            <line number="28" hits="25" branch="False" />
            <line number="29" hits="25" branch="False" />
            <line number="30" hits="25" branch="False" />
            <line number="32" hits="25" branch="True" condition-coverage="100% (2/2)">
              <conditions>
                <condition number="232" type="jump" coverage="100%" />
              </conditions>
            </line>
            <line number="33" hits="21" branch="False" />
            <line number="35" hits="25" branch="False" />
            <line number="37" hits="25" branch="False" />
            <line number="38" hits="25" branch="False" />
            <line number="39" hits="25" branch="False" />
            <line number="40" hits="25" branch="False" />
            <line number="41" hits="25" branch="False" />
            <line number="42" hits="25" branch="False" />
            <line number="44" hits="25" branch="False" />
            <line number="45" hits="25" branch="False" />
            <line number="48" hits="25" branch="False" />
            <line number="51" hits="32" branch="False" />
            <line number="10" hits="32" branch="False" />
          </lines>
        </class>
        <class name="QuotesApi.Repositories.CollectionRepository" filename="Repositories\CollectionRepository.cs" line-rate="1" branch-rate="1" complexity="1">
          <methods>
            <method name=".ctor" signature="(QuotesApi.Data.AppDbContext)" line-rate="1" branch-rate="1" complexity="1">
              <lines>
                <line number="11" hits="19" branch="False" />
                <line number="12" hits="19" branch="False" />
                <line number="13" hits="19" branch="False" />
                <line number="14" hits="19" branch="False" />
              </lines>
            </method>
          </methods>
          <lines>
            <line number="11" hits="19" branch="False" />
            <line number="12" hits="19" branch="False" />
            <line number="13" hits="19" branch="False" />
            <line number="14" hits="19" branch="False" />
          </lines>
        </class>
        <class name="QuotesApi.Repositories.CollectionRepository/&lt;CreateAsync&gt;d__3" filename="Repositories\CollectionRepository.cs" line-rate="1" branch-rate="1" complexity="1">
          <methods>
            <method name="MoveNext" signature="()" line-rate="1" branch-rate="1" complexity="1">
              <lines>
                <line number="24" hits="7" branch="False" />
                <line number="25" hits="7" branch="False" />
                <line number="26" hits="7" branch="False" />
                <line number="27" hits="7" branch="False" />
                <line number="28" hits="7" branch="False" />
              </lines>
            </method>
          </methods>
          <lines>
            <line number="24" hits="7" branch="False" />
            <line number="25" hits="7" branch="False" />
            <line number="26" hits="7" branch="False" />
            <line number="27" hits="7" branch="False" />
            <line number="28" hits="7" branch="False" />
          </lines>
        </class>
        <class name="QuotesApi.Repositories.CollectionRepository/&lt;GetByIdAsync&gt;d__2" filename="Repositories\CollectionRepository.cs" line-rate="1" branch-rate="1" complexity="1">
          <methods>
            <method name="MoveNext" signature="()" line-rate="1" branch-rate="1" complexity="1">
              <lines>
                <line number="17" hits="11" branch="False" />
                <line number="18" hits="11" branch="False" />
                <line number="19" hits="11" branch="False" />
                <line number="20" hits="11" branch="False" />
                <line number="21" hits="11" branch="False" />
              </lines>
            </method>
          </methods>
          <lines>
            <line number="17" hits="11" branch="False" />
            <line number="18" hits="11" branch="False" />
            <line number="19" hits="11" branch="False" />
            <line number="20" hits="11" branch="False" />
            <line number="21" hits="11" branch="False" />
          </lines>
        </class>
        <class name="QuotesApi.Repositories.CollectionRepository/&lt;UpdateAsync&gt;d__4" filename="Repositories\CollectionRepository.cs" line-rate="1" branch-rate="1" complexity="1">
          <methods>
            <method name="MoveNext" signature="()" line-rate="1" branch-rate="1" complexity="1">
              <lines>
                <line number="31" hits="5" branch="False" />
                <line number="35" hits="5" branch="False" />
                <line number="36" hits="5" branch="False" />
                <line number="37" hits="5" branch="False" />
                <line number="38" hits="5" branch="False" />
              </lines>
            </method>
          </methods>
          <lines>
            <line number="31" hits="5" branch="False" />
            <line number="35" hits="5" branch="False" />
            <line number="36" hits="5" branch="False" />
            <line number="37" hits="5" branch="False" />
            <line number="38" hits="5" branch="False" />
          </lines>
        </class>
        <class name="QuotesApi.Repositories.QuoteRepository" filename="Repositories\QuoteRepository.cs" line-rate="1" branch-rate="1" complexity="1">
          <methods>
            <method name=".ctor" signature="(QuotesApi.Data.AppDbContext,Microsoft.Extensions.Logging.ILogger`1&lt;QuotesApi.Repositories.QuoteRepository&gt;)" line-rate="1" branch-rate="1" complexity="1">
              <lines>
                <line number="12" hits="8" branch="False" />
                <line number="13" hits="8" branch="False" />
                <line number="14" hits="8" branch="False" />
                <line number="15" hits="8" branch="False" />
                <line number="16" hits="8" branch="False" />
                <line number="17" hits="8" branch="False" />
                <line number="18" hits="8" branch="False" />
              </lines>
            </method>
          </methods>
          <lines>
            <line number="12" hits="8" branch="False" />
            <line number="13" hits="8" branch="False" />
            <line number="14" hits="8" branch="False" />
            <line number="15" hits="8" branch="False" />
            <line number="16" hits="8" branch="False" />
            <line number="17" hits="8" branch="False" />
            <line number="18" hits="8" branch="False" />
          </lines>
        </class>
        <class name="QuotesApi.Repositories.QuoteRepository/&lt;CreateAsync&gt;d__5" filename="Repositories\QuoteRepository.cs" line-rate="1" branch-rate="1" complexity="1">
          <methods>
            <method name="MoveNext" signature="()" line-rate="1" branch-rate="1" complexity="1">
              <lines>
                <line number="47" hits="1" branch="False" />
                <line number="48" hits="1" branch="False" />
                <line number="50" hits="1" branch="False" />
                <line number="52" hits="1" branch="False" />
                <line number="53" hits="1" branch="False" />
              </lines>
            </method>
          </methods>
          <lines>
            <line number="47" hits="1" branch="False" />
            <line number="48" hits="1" branch="False" />
            <line number="50" hits="1" branch="False" />
            <line number="52" hits="1" branch="False" />
            <line number="53" hits="1" branch="False" />
          </lines>
        </class>
        <class name="QuotesApi.Repositories.QuoteRepository/&lt;GetAllAsync&gt;d__3" filename="Repositories\QuoteRepository.cs" line-rate="1" branch-rate="1" complexity="1">
          <methods>
            <method name="MoveNext" signature="()" line-rate="1" branch-rate="1" complexity="1">
              <lines>
                <line number="24" hits="1" branch="False" />
                <line number="25" hits="1" branch="False" />
                <line number="27" hits="1" branch="False" />
                <line number="28" hits="1" branch="False" />
                <line number="29" hits="1" branch="False" />
                <line number="30" hits="1" branch="False" />
                <line number="31" hits="1" branch="False" />
                <line number="32" hits="1" branch="False" />
              </lines>
            </method>
          </methods>
          <lines>
            <line number="24" hits="1" branch="False" />
            <line number="25" hits="1" branch="False" />
            <line number="27" hits="1" branch="False" />
            <line number="28" hits="1" branch="False" />
            <line number="29" hits="1" branch="False" />
            <line number="30" hits="1" branch="False" />
            <line number="31" hits="1" branch="False" />
            <line number="32" hits="1" branch="False" />
          </lines>
        </class>
        <class name="QuotesApi.Repositories.QuoteRepository/&lt;GetByIdAsync&gt;d__4" filename="Repositories\QuoteRepository.cs" line-rate="1" branch-rate="1" complexity="1">
          <methods>
            <method name="MoveNext" signature="()" line-rate="1" branch-rate="1" complexity="1">
              <lines>
                <line number="37" hits="5" branch="False" />
                <line number="38" hits="5" branch="False" />
                <line number="39" hits="5" branch="False" />
                <line number="40" hits="5" branch="False" />
                <line number="41" hits="5" branch="False" />
                <line number="42" hits="5" branch="False" />
              </lines>
            </method>
          </methods>
          <lines>
            <line number="37" hits="5" branch="False" />
            <line number="38" hits="5" branch="False" />
            <line number="39" hits="5" branch="False" />
            <line number="40" hits="5" branch="False" />
            <line number="41" hits="5" branch="False" />
            <line number="42" hits="5" branch="False" />
          </lines>
        </class>
        <class name="QuotesApi.Repositories.QuoteRepository/&lt;UpdateAsync&gt;d__6" filename="Repositories\QuoteRepository.cs" line-rate="1" branch-rate="1" complexity="1">
          <methods>
            <method name="MoveNext" signature="()" line-rate="1" branch-rate="1" complexity="1">
              <lines>
                <line number="58" hits="1" branch="False" />
                <line number="59" hits="1" branch="False" />
                <line number="60" hits="1" branch="False" />
                <line number="61" hits="1" branch="False" />
              </lines>
            </method>
          </methods>
          <lines>
            <line number="58" hits="1" branch="False" />
            <line number="59" hits="1" branch="False" />
            <line number="60" hits="1" branch="False" />
            <line number="61" hits="1" branch="False" />
          </lines>
        </class>
        <class name="QuotesApi.Repositories.UserRepository" filename="Repositories\UserRepository.cs" line-rate="1" branch-rate="1" complexity="4">
          <methods>
            <method name="GetByEmailAsync" signature="(System.String,System.Threading.CancellationToken)" line-rate="1" branch-rate="1" complexity="1">
              <lines>
                <line number="10" hits="25" branch="False" />
              </lines>
            </method>
            <method name="GetByIdAsync" signature="(System.Int32,System.Threading.CancellationToken)" line-rate="1" branch-rate="1" complexity="1">
              <lines>
                <line number="13" hits="3" branch="False" />
              </lines>
            </method>
            <method name="GetRefreshTokenByHashAsync" signature="(System.String,System.Threading.CancellationToken)" line-rate="1" branch-rate="1" complexity="1">
              <lines>
                <line number="22" hits="7" branch="False" />
              </lines>
            </method>
            <method name=".ctor" signature="(QuotesApi.Data.AppDbContext)" line-rate="1" branch-rate="1" complexity="1">
              <lines>
                <line number="7" hits="32" branch="False" />
              </lines>
            </method>
          </methods>
          <lines>
            <line number="10" hits="25" branch="False" />
            <line number="13" hits="3" branch="False" />
            <line number="22" hits="7" branch="False" />
            <line number="7" hits="32" branch="False" />
          </lines>
        </class>
        <class name="QuotesApi.Repositories.UserRepository/&lt;AddRefreshTokenAsync&gt;d__4" filename="Repositories\UserRepository.cs" line-rate="1" branch-rate="1" complexity="1">
          <methods>
            <method name="MoveNext" signature="()" line-rate="1" branch-rate="1" complexity="1">
              <lines>
                <line number="16" hits="25" branch="False" />
                <line number="17" hits="25" branch="False" />
                <line number="18" hits="25" branch="False" />
                <line number="19" hits="25" branch="False" />
              </lines>
            </method>
          </methods>
          <lines>
            <line number="16" hits="25" branch="False" />
            <line number="17" hits="25" branch="False" />
            <line number="18" hits="25" branch="False" />
            <line number="19" hits="25" branch="False" />
          </lines>
        </class>
        <class name="QuotesApi.Repositories.UserRepository/&lt;RevokeRefreshTokenAsync&gt;d__7" filename="Repositories\UserRepository.cs" line-rate="1" branch-rate="1" complexity="1">
          <methods>
            <method name="MoveNext" signature="()" line-rate="1" branch-rate="1" complexity="1">
              <lines>
                <line number="38" hits="1" branch="False" />
                <line number="39" hits="1" branch="False" />
                <line number="40" hits="1" branch="False" />
                <line number="41" hits="1" branch="False" />
              </lines>
            </method>
          </methods>
          <lines>
            <line number="38" hits="1" branch="False" />
            <line number="39" hits="1" branch="False" />
            <line number="40" hits="1" branch="False" />
            <line number="41" hits="1" branch="False" />
          </lines>
        </class>
        <class name="QuotesApi.Repositories.UserRepository/&lt;RevokeTokenFamilyAsync&gt;d__6" filename="Repositories\UserRepository.cs" line-rate="1" branch-rate="1" complexity="2">
          <methods>
            <method name="MoveNext" signature="()" line-rate="1" branch-rate="1" complexity="2">
              <lines>
                <line number="25" hits="1" branch="False" />
                <line number="26" hits="1" branch="False" />
                <line number="27" hits="1" branch="False" />
                <line number="28" hits="1" branch="False" />
                <line number="30" hits="1" branch="False" />
                <line number="31" hits="5" branch="True" condition-coverage="100% (2/2)">
                  <conditions>
                    <condition number="483" type="jump" coverage="100%" />
                  </conditions>
                </line>
                <line number="32" hits="1" branch="False" />
                <line number="34" hits="1" branch="False" />
                <line number="35" hits="1" branch="False" />
              </lines>
            </method>
          </methods>
          <lines>
            <line number="25" hits="1" branch="False" />
            <line number="26" hits="1" branch="False" />
            <line number="27" hits="1" branch="False" />
            <line number="28" hits="1" branch="False" />
            <line number="30" hits="1" branch="False" />
            <line number="31" hits="5" branch="True" condition-coverage="100% (2/2)">
              <conditions>
                <condition number="483" type="jump" coverage="100%" />
              </conditions>
            </line>
            <line number="32" hits="1" branch="False" />
            <line number="34" hits="1" branch="False" />
            <line number="35" hits="1" branch="False" />
          </lines>
        </class>
        <class name="QuotesApi.Models.Collection" filename="Models\Collection.cs" line-rate="0.9285" branch-rate="0.8332999999999999" complexity="17">
          <methods>
            <method name="get_Id" signature="()" line-rate="1" branch-rate="1" complexity="1">
              <lines>
                <line number="9" hits="14" branch="False" />
              </lines>
            </method>
            <method name="get_Name" signature="()" line-rate="1" branch-rate="1" complexity="1">
              <lines>
                <line number="10" hits="14" branch="False" />
              </lines>
            </method>
            <method name="get_OwnerId" signature="()" line-rate="1" branch-rate="1" complexity="1">
              <lines>
                <line number="11" hits="23" branch="False" />
              </lines>
            </method>
            <method name="get_Items" signature="()" line-rate="1" branch-rate="1" complexity="1">
              <lines>
                <line number="13" hits="7" branch="False" />
              </lines>
            </method>
            <method name="AddItem" signature="(System.Int32)" line-rate="0.8571" branch-rate="0.75" complexity="4">
              <lines>
                <line number="30" hits="5" branch="False" />
                <line number="31" hits="5" branch="True" condition-coverage="50% (1/2)">
                  <conditions>
                    <condition number="34" type="jump" coverage="50%" />
                  </conditions>
                </line>
                <line number="32" hits="0" branch="False" />
                <line number="34" hits="6" branch="True" condition-coverage="100% (2/2)">
                  <conditions>
                    <condition number="72" type="jump" coverage="100%" />
                  </conditions>
                </line>
                <line number="35" hits="1" branch="False" />
                <line number="37" hits="4" branch="False" />
                <line number="38" hits="4" branch="False" />
              </lines>
            </method>
            <method name="RemoveItem" signature="(System.Int32)" line-rate="1" branch-rate="1" complexity="2">
              <lines>
                <line number="41" hits="2" branch="False" />
                <line number="42" hits="3" branch="False" />
                <line number="43" hits="2" branch="True" condition-coverage="100% (2/2)">
                  <conditions>
                    <condition number="47" type="jump" coverage="100%" />
                  </conditions>
                </line>
                <line number="44" hits="1" branch="False" />
                <line number="46" hits="1" branch="False" />
                <line number="47" hits="1" branch="False" />
              </lines>
            </method>
            <method name=".ctor" signature="()" line-rate="1" branch-rate="1" complexity="1">
              <lines>
                <line number="7" hits="17" branch="False" />
                <line number="15" hits="27" branch="False" />
              </lines>
            </method>
            <method name=".ctor" signature="(System.String,System.String)" line-rate="0.8887999999999999" branch-rate="0.8332999999999999" complexity="6">
              <lines>
                <line number="17" hits="8" branch="False" />
                <line number="18" hits="8" branch="False" />
                <line number="19" hits="8" branch="True" condition-coverage="50% (1/2)">
                  <conditions>
                    <condition number="27" type="jump" coverage="50%" />
                  </conditions>
                </line>
                <line number="20" hits="0" branch="False" />
                <line number="22" hits="8" branch="True" condition-coverage="100% (4/4)">
                  <conditions>
                    <condition number="47" type="jump" coverage="100%" />
                    <condition number="64" type="jump" coverage="100%" />
                  </conditions>
                </line>
                <line number="23" hits="1" branch="False" />
                <line number="25" hits="7" branch="False" />
                <line number="26" hits="7" branch="False" />
                <line number="27" hits="7" branch="False" />
              </lines>
            </method>
          </methods>
          <lines>
            <line number="9" hits="14" branch="False" />
            <line number="10" hits="14" branch="False" />
            <line number="11" hits="23" branch="False" />
            <line number="13" hits="7" branch="False" />
            <line number="30" hits="5" branch="False" />
            <line number="31" hits="5" branch="True" condition-coverage="50% (1/2)">
              <conditions>
                <condition number="34" type="jump" coverage="50%" />
              </conditions>
            </line>
            <line number="32" hits="0" branch="False" />
            <line number="34" hits="6" branch="True" condition-coverage="100% (2/2)">
              <conditions>
                <condition number="72" type="jump" coverage="100%" />
              </conditions>
            </line>
            <line number="35" hits="1" branch="False" />
            <line number="37" hits="4" branch="False" />
            <line number="38" hits="4" branch="False" />
            <line number="41" hits="2" branch="False" />
            <line number="42" hits="3" branch="False" />
            <line number="43" hits="2" branch="True" condition-coverage="100% (2/2)">
              <conditions>
                <condition number="47" type="jump" coverage="100%" />
              </conditions>
            </line>
            <line number="44" hits="1" branch="False" />
            <line number="46" hits="1" branch="False" />
            <line number="47" hits="1" branch="False" />
            <line number="7" hits="17" branch="False" />
            <line number="15" hits="27" branch="False" />
            <line number="17" hits="8" branch="False" />
            <line number="18" hits="8" branch="False" />
            <line number="19" hits="8" branch="True" condition-coverage="50% (1/2)">
              <conditions>
                <condition number="27" type="jump" coverage="50%" />
              </conditions>
            </line>
            <line number="20" hits="0" branch="False" />
            <line number="22" hits="8" branch="True" condition-coverage="100% (4/4)">
              <conditions>
                <condition number="47" type="jump" coverage="100%" />
                <condition number="64" type="jump" coverage="100%" />
              </conditions>
            </line>
            <line number="23" hits="1" branch="False" />
            <line number="25" hits="7" branch="False" />
            <line number="26" hits="7" branch="False" />
            <line number="27" hits="7" branch="False" />
          </lines>
        </class>
        <class name="QuotesApi.Models.CollectionItem" filename="Models\CollectionItem.cs" line-rate="1" branch-rate="1" complexity="1">
          <methods>
            <method name="get_QuoteId" signature="()" line-rate="1" branch-rate="1" complexity="1">
              <lines>
                <line number="3" hits="9" branch="False" />
              </lines>
            </method>
          </methods>
          <lines>
            <line number="3" hits="9" branch="False" />
          </lines>
        </class>
        <class name="QuotesApi.Models.Quote" filename="Models\Quote.cs" line-rate="0.9565" branch-rate="0.75" complexity="16">
          <methods>
            <method name="get_Id" signature="()" line-rate="1" branch-rate="1" complexity="1">
              <lines>
                <line number="7" hits="4" branch="False" />
              </lines>
            </method>
            <method name="get_Author" signature="()" line-rate="1" branch-rate="1" complexity="1">
              <lines>
                <line number="8" hits="75" branch="False" />
              </lines>
            </method>
            <method name="get_Text" signature="()" line-rate="1" branch-rate="1" complexity="1">
              <lines>
                <line number="9" hits="75" branch="False" />
              </lines>
            </method>
            <method name="get_CreatedAt" signature="()" line-rate="1" branch-rate="1" complexity="1">
              <lines>
                <line number="10" hits="37" branch="False" />
              </lines>
            </method>
            <method name="get_IsDeleted" signature="()" line-rate="1" branch-rate="1" complexity="1">
              <lines>
                <line number="11" hits="4" branch="False" />
              </lines>
            </method>
            <method name="get_OwnerId" signature="()" line-rate="1" branch-rate="1" complexity="1">
              <lines>
                <line number="12" hits="41" branch="False" />
              </lines>
            </method>
            <method name="Create" signature="(System.String,System.String,System.Nullable`1&lt;System.Int32&gt;)" line-rate="0.9229999999999999" branch-rate="0.75" complexity="8">
              <lines>
                <line number="17" hits="35" branch="False" />
                <line number="18" hits="35" branch="True" condition-coverage="100% (4/4)">
                  <conditions>
                    <condition number="7" type="jump" coverage="100%" />
                    <condition number="27" type="jump" coverage="100%" />
                  </conditions>
                </line>
                <line number="19" hits="1" branch="False" />
                <line number="21" hits="34" branch="True" condition-coverage="50% (2/4)">
                  <conditions>
                    <condition number="46" type="jump" coverage="50%" />
                    <condition number="66" type="jump" coverage="50%" />
                  </conditions>
                </line>
                <line number="22" hits="0" branch="False" />
                <line number="24" hits="34" branch="False" />
                <line number="25" hits="34" branch="False" />
                <line number="26" hits="34" branch="False" />
                <line number="27" hits="34" branch="False" />
                <line number="28" hits="34" branch="False" />
                <line number="29" hits="34" branch="False" />
                <line number="30" hits="34" branch="False" />
                <line number="31" hits="34" branch="False" />
              </lines>
            </method>
            <method name="SoftDelete" signature="()" line-rate="1" branch-rate="1" complexity="1">
              <lines>
                <line number="34" hits="1" branch="False" />
                <line number="35" hits="1" branch="False" />
                <line number="36" hits="1" branch="False" />
              </lines>
            </method>
            <method name=".ctor" signature="()" line-rate="1" branch-rate="1" complexity="1">
              <lines>
                <line number="14" hits="114" branch="False" />
              </lines>
            </method>
          </methods>
          <lines>
            <line number="7" hits="4" branch="False" />
            <line number="8" hits="75" branch="False" />
            <line number="9" hits="75" branch="False" />
            <line number="10" hits="37" branch="False" />
            <line number="11" hits="4" branch="False" />
            <line number="12" hits="41" branch="False" />
            <line number="17" hits="35" branch="False" />
            <line number="18" hits="35" branch="True" condition-coverage="100% (4/4)">
              <conditions>
                <condition number="7" type="jump" coverage="100%" />
                <condition number="27" type="jump" coverage="100%" />
              </conditions>
            </line>
            <line number="19" hits="1" branch="False" />
            <line number="21" hits="34" branch="True" condition-coverage="50% (2/4)">
              <conditions>
                <condition number="46" type="jump" coverage="50%" />
                <condition number="66" type="jump" coverage="50%" />
              </conditions>
            </line>
            <line number="22" hits="0" branch="False" />
            <line number="24" hits="34" branch="False" />
            <line number="25" hits="34" branch="False" />
            <line number="26" hits="34" branch="False" />
            <line number="27" hits="34" branch="False" />
            <line number="28" hits="34" branch="False" />
            <line number="29" hits="34" branch="False" />
            <line number="30" hits="34" branch="False" />
            <line number="31" hits="34" branch="False" />
            <line number="34" hits="1" branch="False" />
            <line number="35" hits="1" branch="False" />
            <line number="36" hits="1" branch="False" />
            <line number="14" hits="114" branch="False" />
          </lines>
        </class>
        <class name="QuotesApi.Models.RefreshToken" filename="Models\RefreshToken.cs" line-rate="0.9333" branch-rate="0.75" complexity="14">
          <methods>
            <method name="get_Id" signature="()" line-rate="0" branch-rate="1" complexity="1">
              <lines>
                <line number="5" hits="0" branch="False" />
              </lines>
            </method>
            <method name="get_UserId" signature="()" line-rate="1" branch-rate="1" complexity="1">
              <lines>
                <line number="6" hits="31" branch="False" />
              </lines>
            </method>
            <method name="get_Token" signature="()" line-rate="1" branch-rate="1" complexity="1">
              <lines>
                <line number="7" hits="59" branch="False" />
              </lines>
            </method>
            <method name="get_FamilyId" signature="()" line-rate="1" branch-rate="1" complexity="1">
              <lines>
                <line number="8" hits="30" branch="False" />
              </lines>
            </method>
            <method name="get_ExpiresAt" signature="()" line-rate="1" branch-rate="1" complexity="1">
              <lines>
                <line number="9" hits="31" branch="False" />
              </lines>
            </method>
            <method name="get_RevokedAt" signature="()" line-rate="1" branch-rate="1" complexity="1">
              <lines>
                <line number="10" hits="14" branch="False" />
              </lines>
            </method>
            <method name="get_ReplacedByToken" signature="()" line-rate="1" branch-rate="1" complexity="1">
              <lines>
                <line number="11" hits="2" branch="False" />
              </lines>
            </method>
            <method name="Create" signature="(System.Int32,System.String,System.Guid,System.DateTime)" line-rate="1" branch-rate="1" complexity="1">
              <lines>
                <line number="16" hits="26" branch="False" />
              </lines>
            </method>
            <method name="get_IsValid" signature="()" line-rate="1" branch-rate="0.5" complexity="2">
              <lines>
                <line number="18" hits="5" branch="True" condition-coverage="50% (1/2)">
                  <conditions>
                    <condition number="14" type="jump" coverage="50%" />
                  </conditions>
                </line>
              </lines>
            </method>
            <method name="Revoke" signature="(System.Nullable`1&lt;System.DateTime&gt;)" line-rate="1" branch-rate="1" complexity="2">
              <lines>
                <line number="20" hits="2" branch="True" condition-coverage="100% (2/2)">
                  <conditions>
                    <condition number="10" type="jump" coverage="100%" />
                  </conditions>
                </line>
              </lines>
            </method>
            <method name="Replace" signature="(System.String)" line-rate="1" branch-rate="1" complexity="1">
              <lines>
                <line number="24" hits="2" branch="False" />
                <line number="25" hits="2" branch="False" />
                <line number="26" hits="2" branch="False" />
                <line number="27" hits="2" branch="False" />
              </lines>
            </method>
            <method name=".ctor" signature="()" line-rate="1" branch-rate="1" complexity="1">
              <lines>
                <line number="13" hits="99" branch="False" />
              </lines>
            </method>
          </methods>
          <lines>
            <line number="5" hits="0" branch="False" />
            <line number="6" hits="31" branch="False" />
            <line number="7" hits="59" branch="False" />
            <line number="8" hits="30" branch="False" />
            <line number="9" hits="31" branch="False" />
            <line number="10" hits="14" branch="False" />
            <line number="11" hits="2" branch="False" />
            <line number="16" hits="26" branch="False" />
            <line number="18" hits="5" branch="True" condition-coverage="50% (1/2)">
              <conditions>
                <condition number="14" type="jump" coverage="50%" />
              </conditions>
            </line>
            <line number="20" hits="2" branch="True" condition-coverage="100% (2/2)">
              <conditions>
                <condition number="10" type="jump" coverage="100%" />
              </conditions>
            </line>
            <line number="24" hits="2" branch="False" />
            <line number="25" hits="2" branch="False" />
            <line number="26" hits="2" branch="False" />
            <line number="27" hits="2" branch="False" />
            <line number="13" hits="99" branch="False" />
          </lines>
        </class>
        <class name="QuotesApi.Models.User" filename="Models\User.cs" line-rate="0.85" branch-rate="0.6" complexity="16">
          <methods>
            <method name="get_Id" signature="()" line-rate="1" branch-rate="1" complexity="1">
              <lines>
                <line number="7" hits="82" branch="False" />
              </lines>
            </method>
            <method name="get_Email" signature="()" line-rate="1" branch-rate="1" complexity="1">
              <lines>
                <line number="8" hits="185" branch="False" />
              </lines>
            </method>
            <method name="get_PasswordHash" signature="()" line-rate="1" branch-rate="1" complexity="1">
              <lines>
                <line number="9" hits="184" branch="False" />
              </lines>
            </method>
            <method name="get_Role" signature="()" line-rate="1" branch-rate="1" complexity="1">
              <lines>
                <line number="10" hits="185" branch="False" />
              </lines>
            </method>
            <method name="Create" signature="(System.String,System.String,System.String)" line-rate="0.7857" branch-rate="0.6" complexity="10">
              <lines>
                <line number="15" hits="66" branch="False" />
                <line number="16" hits="66" branch="True" condition-coverage="50% (2/4)">
                  <conditions>
                    <condition number="7" type="jump" coverage="50%" />
                    <condition number="27" type="jump" coverage="50%" />
                  </conditions>
                </line>
                <line number="17" hits="0" branch="False" />
                <line number="19" hits="66" branch="True" condition-coverage="50% (1/2)">
                  <conditions>
                    <condition number="48" type="jump" coverage="50%" />
                  </conditions>
                </line>
                <line number="20" hits="0" branch="False" />
                <line number="22" hits="66" branch="True" condition-coverage="75% (3/4)">
                  <conditions>
                    <condition number="72" type="jump" coverage="100%" />
                    <condition number="90" type="jump" coverage="50%" />
                  </conditions>
                </line>
                <line number="23" hits="0" branch="False" />
                <line number="25" hits="66" branch="False" />
                <line number="26" hits="66" branch="False" />
                <line number="27" hits="66" branch="False" />
                <line number="28" hits="66" branch="False" />
                <line number="29" hits="66" branch="False" />
                <line number="30" hits="66" branch="False" />
                <line number="31" hits="66" branch="False" />
              </lines>
            </method>
            <method name="VerifyPassword" signature="(System.String)" line-rate="1" branch-rate="1" complexity="1">
              <lines>
                <line number="34" hits="24" branch="False" />
              </lines>
            </method>
            <method name=".ctor" signature="()" line-rate="1" branch-rate="1" complexity="1">
              <lines>
                <line number="12" hits="282" branch="False" />
              </lines>
            </method>
          </methods>
          <lines>
            <line number="7" hits="82" branch="False" />
            <line number="8" hits="185" branch="False" />
            <line number="9" hits="184" branch="False" />
            <line number="10" hits="185" branch="False" />
            <line number="15" hits="66" branch="False" />
            <line number="16" hits="66" branch="True" condition-coverage="50% (2/4)">
              <conditions>
                <condition number="7" type="jump" coverage="50%" />
                <condition number="27" type="jump" coverage="50%" />
              </conditions>
            </line>
            <line number="17" hits="0" branch="False" />
            <line number="19" hits="66" branch="True" condition-coverage="50% (1/2)">
              <conditions>
                <condition number="48" type="jump" coverage="50%" />
              </conditions>
            </line>
            <line number="20" hits="0" branch="False" />
            <line number="22" hits="66" branch="True" condition-coverage="75% (3/4)">
              <conditions>
                <condition number="72" type="jump" coverage="100%" />
                <condition number="90" type="jump" coverage="50%" />
              </conditions>
            </line>
            <line number="23" hits="0" branch="False" />
            <line number="25" hits="66" branch="False" />
            <line number="26" hits="66" branch="False" />
            <line number="27" hits="66" branch="False" />
            <line number="28" hits="66" branch="False" />
            <line number="29" hits="66" branch="False" />
            <line number="30" hits="66" branch="False" />
            <line number="31" hits="66" branch="False" />
            <line number="34" hits="24" branch="False" />
            <line number="12" hits="282" branch="False" />
          </lines>
        </class>
        <class name="QuotesApi.Migrations.InitialCreate" filename="Migrations\20260518082953_InitialCreate.cs" line-rate="0" branch-rate="1" complexity="2">
          <methods>
            <method name="Up" signature="(Microsoft.EntityFrameworkCore.Migrations.MigrationBuilder)" line-rate="0" branch-rate="1" complexity="1">
              <lines>
                <line number="13" hits="0" branch="False" />
                <line number="14" hits="0" branch="False" />
                <line number="15" hits="0" branch="False" />
                <line number="16" hits="0" branch="False" />
                <line number="17" hits="0" branch="False" />
                <line number="18" hits="0" branch="False" />
                <line number="19" hits="0" branch="False" />
                <line number="20" hits="0" branch="False" />
                <line number="21" hits="0" branch="False" />
                <line number="22" hits="0" branch="False" />
                <line number="23" hits="0" branch="False" />
                <line number="24" hits="0" branch="False" />
                <line number="25" hits="0" branch="False" />
                <line number="26" hits="0" branch="False" />
                <line number="27" hits="0" branch="False" />
                <line number="28" hits="0" branch="False" />
              </lines>
            </method>
            <method name="Down" signature="(Microsoft.EntityFrameworkCore.Migrations.MigrationBuilder)" line-rate="0" branch-rate="1" complexity="1">
              <lines>
                <line number="32" hits="0" branch="False" />
                <line number="33" hits="0" branch="False" />
                <line number="34" hits="0" branch="False" />
                <line number="35" hits="0" branch="False" />
              </lines>
            </method>
          </methods>
          <lines>
            <line number="13" hits="0" branch="False" />
            <line number="14" hits="0" branch="False" />
            <line number="15" hits="0" branch="False" />
            <line number="16" hits="0" branch="False" />
            <line number="17" hits="0" branch="False" />
            <line number="18" hits="0" branch="False" />
            <line number="19" hits="0" branch="False" />
            <line number="20" hits="0" branch="False" />
            <line number="21" hits="0" branch="False" />
            <line number="22" hits="0" branch="False" />
            <line number="23" hits="0" branch="False" />
            <line number="24" hits="0" branch="False" />
            <line number="25" hits="0" branch="False" />
            <line number="26" hits="0" branch="False" />
            <line number="27" hits="0" branch="False" />
            <line number="28" hits="0" branch="False" />
            <line number="32" hits="0" branch="False" />
            <line number="33" hits="0" branch="False" />
            <line number="34" hits="0" branch="False" />
            <line number="35" hits="0" branch="False" />
          </lines>
        </class>
        <class name="QuotesApi.Migrations.InitialCreate" filename="Migrations\20260518082953_InitialCreate.Designer.cs" line-rate="0" branch-rate="1" complexity="1">
          <methods>
            <method name="BuildTargetModel" signature="(Microsoft.EntityFrameworkCore.ModelBuilder)" line-rate="0" branch-rate="1" complexity="1">
              <lines>
                <line number="19" hits="0" branch="False" />
                <line number="21" hits="0" branch="False" />
                <line number="23" hits="0" branch="False" />
                <line number="24" hits="0" branch="False" />
                <line number="25" hits="0" branch="False" />
                <line number="26" hits="0" branch="False" />
                <line number="27" hits="0" branch="False" />
                <line number="28" hits="0" branch="False" />
                <line number="29" hits="0" branch="False" />
                <line number="30" hits="0" branch="False" />
                <line number="31" hits="0" branch="False" />
                <line number="32" hits="0" branch="False" />
                <line number="33" hits="0" branch="False" />
                <line number="34" hits="0" branch="False" />
                <line number="35" hits="0" branch="False" />
                <line number="36" hits="0" branch="False" />
                <line number="37" hits="0" branch="False" />
                <line number="38" hits="0" branch="False" />
                <line number="39" hits="0" branch="False" />
                <line number="40" hits="0" branch="False" />
                <line number="41" hits="0" branch="False" />
                <line number="42" hits="0" branch="False" />
                <line number="43" hits="0" branch="False" />
                <line number="45" hits="0" branch="False" />
              </lines>
            </method>
          </methods>
          <lines>
            <line number="19" hits="0" branch="False" />
            <line number="21" hits="0" branch="False" />
            <line number="23" hits="0" branch="False" />
            <line number="24" hits="0" branch="False" />
            <line number="25" hits="0" branch="False" />
            <line number="26" hits="0" branch="False" />
            <line number="27" hits="0" branch="False" />
            <line number="28" hits="0" branch="False" />
            <line number="29" hits="0" branch="False" />
            <line number="30" hits="0" branch="False" />
            <line number="31" hits="0" branch="False" />
            <line number="32" hits="0" branch="False" />
            <line number="33" hits="0" branch="False" />
            <line number="34" hits="0" branch="False" />
            <line number="35" hits="0" branch="False" />
            <line number="36" hits="0" branch="False" />
            <line number="37" hits="0" branch="False" />
            <line number="38" hits="0" branch="False" />
            <line number="39" hits="0" branch="False" />
            <line number="40" hits="0" branch="False" />
            <line number="41" hits="0" branch="False" />
            <line number="42" hits="0" branch="False" />
            <line number="43" hits="0" branch="False" />
            <line number="45" hits="0" branch="False" />
          </lines>
        </class>
        <class name="QuotesApi.Migrations.AddCollectionAggregate" filename="Migrations\20260519085329_AddCollectionAggregate.cs" line-rate="0" branch-rate="1" complexity="2">
          <methods>
            <method name="Up" signature="(Microsoft.EntityFrameworkCore.Migrations.MigrationBuilder)" line-rate="0" branch-rate="1" complexity="1">
              <lines>
                <line number="13" hits="0" branch="False" />
                <line number="14" hits="0" branch="False" />
                <line number="15" hits="0" branch="False" />
                <line number="16" hits="0" branch="False" />
                <line number="17" hits="0" branch="False" />
                <line number="18" hits="0" branch="False" />
                <line number="19" hits="0" branch="False" />
                <line number="20" hits="0" branch="False" />
                <line number="21" hits="0" branch="False" />
                <line number="22" hits="0" branch="False" />
                <line number="23" hits="0" branch="False" />
                <line number="24" hits="0" branch="False" />
                <line number="25" hits="0" branch="False" />
                <line number="26" hits="0" branch="False" />
                <line number="28" hits="0" branch="False" />
                <line number="29" hits="0" branch="False" />
                <line number="30" hits="0" branch="False" />
                <line number="31" hits="0" branch="False" />
                <line number="32" hits="0" branch="False" />
                <line number="33" hits="0" branch="False" />
                <line number="34" hits="0" branch="False" />
                <line number="35" hits="0" branch="False" />
                <line number="36" hits="0" branch="False" />
                <line number="37" hits="0" branch="False" />
                <line number="38" hits="0" branch="False" />
                <line number="39" hits="0" branch="False" />
                <line number="40" hits="0" branch="False" />
                <line number="41" hits="0" branch="False" />
                <line number="42" hits="0" branch="False" />
                <line number="43" hits="0" branch="False" />
                <line number="44" hits="0" branch="False" />
                <line number="45" hits="0" branch="False" />
                <line number="46" hits="0" branch="False" />
              </lines>
            </method>
            <method name="Down" signature="(Microsoft.EntityFrameworkCore.Migrations.MigrationBuilder)" line-rate="0" branch-rate="1" complexity="1">
              <lines>
                <line number="50" hits="0" branch="False" />
                <line number="51" hits="0" branch="False" />
                <line number="52" hits="0" branch="False" />
                <line number="54" hits="0" branch="False" />
                <line number="55" hits="0" branch="False" />
                <line number="56" hits="0" branch="False" />
              </lines>
            </method>
          </methods>
          <lines>
            <line number="13" hits="0" branch="False" />
            <line number="14" hits="0" branch="False" />
            <line number="15" hits="0" branch="False" />
            <line number="16" hits="0" branch="False" />
            <line number="17" hits="0" branch="False" />
            <line number="18" hits="0" branch="False" />
            <line number="19" hits="0" branch="False" />
            <line number="20" hits="0" branch="False" />
            <line number="21" hits="0" branch="False" />
            <line number="22" hits="0" branch="False" />
            <line number="23" hits="0" branch="False" />
            <line number="24" hits="0" branch="False" />
            <line number="25" hits="0" branch="False" />
            <line number="26" hits="0" branch="False" />
            <line number="28" hits="0" branch="False" />
            <line number="29" hits="0" branch="False" />
            <line number="30" hits="0" branch="False" />
            <line number="31" hits="0" branch="False" />
            <line number="32" hits="0" branch="False" />
            <line number="33" hits="0" branch="False" />
            <line number="34" hits="0" branch="False" />
            <line number="35" hits="0" branch="False" />
            <line number="36" hits="0" branch="False" />
            <line number="37" hits="0" branch="False" />
            <line number="38" hits="0" branch="False" />
            <line number="39" hits="0" branch="False" />
            <line number="40" hits="0" branch="False" />
            <line number="41" hits="0" branch="False" />
            <line number="42" hits="0" branch="False" />
            <line number="43" hits="0" branch="False" />
            <line number="44" hits="0" branch="False" />
            <line number="45" hits="0" branch="False" />
            <line number="46" hits="0" branch="False" />
            <line number="50" hits="0" branch="False" />
            <line number="51" hits="0" branch="False" />
            <line number="52" hits="0" branch="False" />
            <line number="54" hits="0" branch="False" />
            <line number="55" hits="0" branch="False" />
            <line number="56" hits="0" branch="False" />
          </lines>
        </class>
        <class name="QuotesApi.Migrations.AddCollectionAggregate" filename="Migrations\20260519085329_AddCollectionAggregate.Designer.cs" line-rate="0" branch-rate="1" complexity="1">
          <methods>
            <method name="BuildTargetModel" signature="(Microsoft.EntityFrameworkCore.ModelBuilder)" line-rate="0" branch-rate="1" complexity="1">
              <lines>
                <line number="19" hits="0" branch="False" />
                <line number="21" hits="0" branch="False" />
                <line number="23" hits="0" branch="False" />
                <line number="24" hits="0" branch="False" />
                <line number="25" hits="0" branch="False" />
                <line number="26" hits="0" branch="False" />
                <line number="27" hits="0" branch="False" />
                <line number="28" hits="0" branch="False" />
                <line number="29" hits="0" branch="False" />
                <line number="30" hits="0" branch="False" />
                <line number="31" hits="0" branch="False" />
                <line number="32" hits="0" branch="False" />
                <line number="33" hits="0" branch="False" />
                <line number="34" hits="0" branch="False" />
                <line number="35" hits="0" branch="False" />
                <line number="36" hits="0" branch="False" />
                <line number="37" hits="0" branch="False" />
                <line number="38" hits="0" branch="False" />
                <line number="39" hits="0" branch="False" />
                <line number="40" hits="0" branch="False" />
                <line number="41" hits="0" branch="False" />
                <line number="43" hits="0" branch="False" />
                <line number="44" hits="0" branch="False" />
                <line number="45" hits="0" branch="False" />
                <line number="46" hits="0" branch="False" />
                <line number="47" hits="0" branch="False" />
                <line number="48" hits="0" branch="False" />
                <line number="49" hits="0" branch="False" />
                <line number="50" hits="0" branch="False" />
                <line number="51" hits="0" branch="False" />
                <line number="52" hits="0" branch="False" />
                <line number="53" hits="0" branch="False" />
                <line number="54" hits="0" branch="False" />
                <line number="55" hits="0" branch="False" />
                <line number="56" hits="0" branch="False" />
                <line number="57" hits="0" branch="False" />
                <line number="58" hits="0" branch="False" />
                <line number="59" hits="0" branch="False" />
                <line number="60" hits="0" branch="False" />
                <line number="61" hits="0" branch="False" />
                <line number="62" hits="0" branch="False" />
                <line number="63" hits="0" branch="False" />
                <line number="65" hits="0" branch="False" />
                <line number="66" hits="0" branch="False" />
                <line number="67" hits="0" branch="False" />
                <line number="68" hits="0" branch="False" />
                <line number="69" hits="0" branch="False" />
                <line number="70" hits="0" branch="False" />
                <line number="71" hits="0" branch="False" />
                <line number="72" hits="0" branch="False" />
                <line number="73" hits="0" branch="False" />
                <line number="74" hits="0" branch="False" />
                <line number="75" hits="0" branch="False" />
                <line number="76" hits="0" branch="False" />
                <line number="77" hits="0" branch="False" />
                <line number="78" hits="0" branch="False" />
                <line number="79" hits="0" branch="False" />
                <line number="80" hits="0" branch="False" />
                <line number="81" hits="0" branch="False" />
                <line number="82" hits="0" branch="False" />
                <line number="83" hits="0" branch="False" />
                <line number="84" hits="0" branch="False" />
                <line number="85" hits="0" branch="False" />
                <line number="86" hits="0" branch="False" />
                <line number="87" hits="0" branch="False" />
                <line number="88" hits="0" branch="False" />
                <line number="90" hits="0" branch="False" />
              </lines>
            </method>
          </methods>
          <lines>
            <line number="19" hits="0" branch="False" />
            <line number="21" hits="0" branch="False" />
            <line number="23" hits="0" branch="False" />
            <line number="24" hits="0" branch="False" />
            <line number="25" hits="0" branch="False" />
            <line number="26" hits="0" branch="False" />
            <line number="27" hits="0" branch="False" />
            <line number="28" hits="0" branch="False" />
            <line number="29" hits="0" branch="False" />
            <line number="30" hits="0" branch="False" />
            <line number="31" hits="0" branch="False" />
            <line number="32" hits="0" branch="False" />
            <line number="33" hits="0" branch="False" />
            <line number="34" hits="0" branch="False" />
            <line number="35" hits="0" branch="False" />
            <line number="36" hits="0" branch="False" />
            <line number="37" hits="0" branch="False" />
            <line number="38" hits="0" branch="False" />
            <line number="39" hits="0" branch="False" />
            <line number="40" hits="0" branch="False" />
            <line number="41" hits="0" branch="False" />
            <line number="43" hits="0" branch="False" />
            <line number="44" hits="0" branch="False" />
            <line number="45" hits="0" branch="False" />
            <line number="46" hits="0" branch="False" />
            <line number="47" hits="0" branch="False" />
            <line number="48" hits="0" branch="False" />
            <line number="49" hits="0" branch="False" />
            <line number="50" hits="0" branch="False" />
            <line number="51" hits="0" branch="False" />
            <line number="52" hits="0" branch="False" />
            <line number="53" hits="0" branch="False" />
            <line number="54" hits="0" branch="False" />
            <line number="55" hits="0" branch="False" />
            <line number="56" hits="0" branch="False" />
            <line number="57" hits="0" branch="False" />
            <line number="58" hits="0" branch="False" />
            <line number="59" hits="0" branch="False" />
            <line number="60" hits="0" branch="False" />
            <line number="61" hits="0" branch="False" />
            <line number="62" hits="0" branch="False" />
            <line number="63" hits="0" branch="False" />
            <line number="65" hits="0" branch="False" />
            <line number="66" hits="0" branch="False" />
            <line number="67" hits="0" branch="False" />
            <line number="68" hits="0" branch="False" />
            <line number="69" hits="0" branch="False" />
            <line number="70" hits="0" branch="False" />
            <line number="71" hits="0" branch="False" />
            <line number="72" hits="0" branch="False" />
            <line number="73" hits="0" branch="False" />
            <line number="74" hits="0" branch="False" />
            <line number="75" hits="0" branch="False" />
            <line number="76" hits="0" branch="False" />
            <line number="77" hits="0" branch="False" />
            <line number="78" hits="0" branch="False" />
            <line number="79" hits="0" branch="False" />
            <line number="80" hits="0" branch="False" />
            <line number="81" hits="0" branch="False" />
            <line number="82" hits="0" branch="False" />
            <line number="83" hits="0" branch="False" />
            <line number="84" hits="0" branch="False" />
            <line number="85" hits="0" branch="False" />
            <line number="86" hits="0" branch="False" />
            <line number="87" hits="0" branch="False" />
            <line number="88" hits="0" branch="False" />
            <line number="90" hits="0" branch="False" />
          </lines>
        </class>
        <class name="QuotesApi.Migrations.RichQuoteModel" filename="Migrations\20260520084759_RichQuoteModel.cs" line-rate="0" branch-rate="1" complexity="2">
          <methods>
            <method name="Up" signature="(Microsoft.EntityFrameworkCore.Migrations.MigrationBuilder)" line-rate="0" branch-rate="1" complexity="1">
              <lines>
                <line number="12" hits="0" branch="False" />
                <line number="13" hits="0" branch="False" />
                <line number="14" hits="0" branch="False" />
                <line number="15" hits="0" branch="False" />
                <line number="16" hits="0" branch="False" />
                <line number="17" hits="0" branch="False" />
                <line number="18" hits="0" branch="False" />
                <line number="19" hits="0" branch="False" />
              </lines>
            </method>
            <method name="Down" signature="(Microsoft.EntityFrameworkCore.Migrations.MigrationBuilder)" line-rate="0" branch-rate="1" complexity="1">
              <lines>
                <line number="23" hits="0" branch="False" />
                <line number="24" hits="0" branch="False" />
                <line number="25" hits="0" branch="False" />
                <line number="26" hits="0" branch="False" />
                <line number="27" hits="0" branch="False" />
              </lines>
            </method>
          </methods>
          <lines>
            <line number="12" hits="0" branch="False" />
            <line number="13" hits="0" branch="False" />
            <line number="14" hits="0" branch="False" />
            <line number="15" hits="0" branch="False" />
            <line number="16" hits="0" branch="False" />
            <line number="17" hits="0" branch="False" />
            <line number="18" hits="0" branch="False" />
            <line number="19" hits="0" branch="False" />
            <line number="23" hits="0" branch="False" />
            <line number="24" hits="0" branch="False" />
            <line number="25" hits="0" branch="False" />
            <line number="26" hits="0" branch="False" />
            <line number="27" hits="0" branch="False" />
          </lines>
        </class>
        <class name="QuotesApi.Migrations.RichQuoteModel" filename="Migrations\20260520084759_RichQuoteModel.Designer.cs" line-rate="0" branch-rate="1" complexity="1">
          <methods>
            <method name="BuildTargetModel" signature="(Microsoft.EntityFrameworkCore.ModelBuilder)" line-rate="0" branch-rate="1" complexity="1">
              <lines>
                <line number="19" hits="0" branch="False" />
                <line number="21" hits="0" branch="False" />
                <line number="23" hits="0" branch="False" />
                <line number="24" hits="0" branch="False" />
                <line number="25" hits="0" branch="False" />
                <line number="26" hits="0" branch="False" />
                <line number="27" hits="0" branch="False" />
                <line number="28" hits="0" branch="False" />
                <line number="29" hits="0" branch="False" />
                <line number="30" hits="0" branch="False" />
                <line number="31" hits="0" branch="False" />
                <line number="32" hits="0" branch="False" />
                <line number="33" hits="0" branch="False" />
                <line number="34" hits="0" branch="False" />
                <line number="35" hits="0" branch="False" />
                <line number="36" hits="0" branch="False" />
                <line number="37" hits="0" branch="False" />
                <line number="38" hits="0" branch="False" />
                <line number="39" hits="0" branch="False" />
                <line number="40" hits="0" branch="False" />
                <line number="41" hits="0" branch="False" />
                <line number="43" hits="0" branch="False" />
                <line number="44" hits="0" branch="False" />
                <line number="45" hits="0" branch="False" />
                <line number="46" hits="0" branch="False" />
                <line number="47" hits="0" branch="False" />
                <line number="48" hits="0" branch="False" />
                <line number="49" hits="0" branch="False" />
                <line number="50" hits="0" branch="False" />
                <line number="51" hits="0" branch="False" />
                <line number="52" hits="0" branch="False" />
                <line number="53" hits="0" branch="False" />
                <line number="54" hits="0" branch="False" />
                <line number="55" hits="0" branch="False" />
                <line number="56" hits="0" branch="False" />
                <line number="57" hits="0" branch="False" />
                <line number="58" hits="0" branch="False" />
                <line number="59" hits="0" branch="False" />
                <line number="60" hits="0" branch="False" />
                <line number="61" hits="0" branch="False" />
                <line number="62" hits="0" branch="False" />
                <line number="63" hits="0" branch="False" />
                <line number="64" hits="0" branch="False" />
                <line number="65" hits="0" branch="False" />
                <line number="66" hits="0" branch="False" />
                <line number="67" hits="0" branch="False" />
                <line number="68" hits="0" branch="False" />
                <line number="69" hits="0" branch="False" />
                <line number="70" hits="0" branch="False" />
                <line number="72" hits="0" branch="False" />
                <line number="73" hits="0" branch="False" />
                <line number="74" hits="0" branch="False" />
                <line number="75" hits="0" branch="False" />
                <line number="76" hits="0" branch="False" />
                <line number="77" hits="0" branch="False" />
                <line number="78" hits="0" branch="False" />
                <line number="79" hits="0" branch="False" />
                <line number="80" hits="0" branch="False" />
                <line number="81" hits="0" branch="False" />
                <line number="82" hits="0" branch="False" />
                <line number="83" hits="0" branch="False" />
                <line number="84" hits="0" branch="False" />
                <line number="85" hits="0" branch="False" />
                <line number="86" hits="0" branch="False" />
                <line number="87" hits="0" branch="False" />
                <line number="88" hits="0" branch="False" />
                <line number="89" hits="0" branch="False" />
                <line number="90" hits="0" branch="False" />
                <line number="91" hits="0" branch="False" />
                <line number="92" hits="0" branch="False" />
                <line number="93" hits="0" branch="False" />
                <line number="94" hits="0" branch="False" />
                <line number="95" hits="0" branch="False" />
                <line number="97" hits="0" branch="False" />
              </lines>
            </method>
          </methods>
          <lines>
            <line number="19" hits="0" branch="False" />
            <line number="21" hits="0" branch="False" />
            <line number="23" hits="0" branch="False" />
            <line number="24" hits="0" branch="False" />
            <line number="25" hits="0" branch="False" />
            <line number="26" hits="0" branch="False" />
            <line number="27" hits="0" branch="False" />
            <line number="28" hits="0" branch="False" />
            <line number="29" hits="0" branch="False" />
            <line number="30" hits="0" branch="False" />
            <line number="31" hits="0" branch="False" />
            <line number="32" hits="0" branch="False" />
            <line number="33" hits="0" branch="False" />
            <line number="34" hits="0" branch="False" />
            <line number="35" hits="0" branch="False" />
            <line number="36" hits="0" branch="False" />
            <line number="37" hits="0" branch="False" />
            <line number="38" hits="0" branch="False" />
            <line number="39" hits="0" branch="False" />
            <line number="40" hits="0" branch="False" />
            <line number="41" hits="0" branch="False" />
            <line number="43" hits="0" branch="False" />
            <line number="44" hits="0" branch="False" />
            <line number="45" hits="0" branch="False" />
            <line number="46" hits="0" branch="False" />
            <line number="47" hits="0" branch="False" />
            <line number="48" hits="0" branch="False" />
            <line number="49" hits="0" branch="False" />
            <line number="50" hits="0" branch="False" />
            <line number="51" hits="0" branch="False" />
            <line number="52" hits="0" branch="False" />
            <line number="53" hits="0" branch="False" />
            <line number="54" hits="0" branch="False" />
            <line number="55" hits="0" branch="False" />
            <line number="56" hits="0" branch="False" />
            <line number="57" hits="0" branch="False" />
            <line number="58" hits="0" branch="False" />
            <line number="59" hits="0" branch="False" />
            <line number="60" hits="0" branch="False" />
            <line number="61" hits="0" branch="False" />
            <line number="62" hits="0" branch="False" />
            <line number="63" hits="0" branch="False" />
            <line number="64" hits="0" branch="False" />
            <line number="65" hits="0" branch="False" />
            <line number="66" hits="0" branch="False" />
            <line number="67" hits="0" branch="False" />
            <line number="68" hits="0" branch="False" />
            <line number="69" hits="0" branch="False" />
            <line number="70" hits="0" branch="False" />
            <line number="72" hits="0" branch="False" />
            <line number="73" hits="0" branch="False" />
            <line number="74" hits="0" branch="False" />
            <line number="75" hits="0" branch="False" />
            <line number="76" hits="0" branch="False" />
            <line number="77" hits="0" branch="False" />
            <line number="78" hits="0" branch="False" />
            <line number="79" hits="0" branch="False" />
            <line number="80" hits="0" branch="False" />
            <line number="81" hits="0" branch="False" />
            <line number="82" hits="0" branch="False" />
            <line number="83" hits="0" branch="False" />
            <line number="84" hits="0" branch="False" />
            <line number="85" hits="0" branch="False" />
            <line number="86" hits="0" branch="False" />
            <line number="87" hits="0" branch="False" />
            <line number="88" hits="0" branch="False" />
            <line number="89" hits="0" branch="False" />
            <line number="90" hits="0" branch="False" />
            <line number="91" hits="0" branch="False" />
            <line number="92" hits="0" branch="False" />
            <line number="93" hits="0" branch="False" />
            <line number="94" hits="0" branch="False" />
            <line number="95" hits="0" branch="False" />
            <line number="97" hits="0" branch="False" />
          </lines>
        </class>
[...]
            <line number="73" hits="2" branch="False" />
            <line number="74" hits="2" branch="False" />
            <line number="75" hits="1" branch="False" />
            <line number="76" hits="33" branch="False" />
            <line number="77" hits="1" branch="False" />
            <line number="78" hits="1" branch="False" />
            <line number="79" hits="33" branch="False" />
            <line number="80" hits="1" branch="False" />
            <line number="81" hits="36" branch="False" />
            <line number="83" hits="33" branch="False" />
            <line number="84" hits="33" branch="False" />
          </lines>
        </class>
        <class name="QuotesApi.Extensions.QuoteEndpointExtensions/&lt;&gt;c/&lt;&lt;MapQuoteEndpoints&gt;b__0_1&gt;d" filename="Extensions\QuoteEndpointExtensions.cs" line-rate="1" branch-rate="1" complexity="2">
          <methods />
          <lines />
        </class>
        <class name="QuotesApi.Extensions.QuoteEndpointExtensions/&lt;&gt;c/&lt;&lt;MapQuoteEndpoints&gt;b__0_2&gt;d" filename="Extensions\QuoteEndpointExtensions.cs" line-rate="1" branch-rate="0.5" complexity="4">
          <methods />
          <lines />
        </class>
        <class name="QuotesApi.Extensions.QuoteEndpointExtensions/&lt;&gt;c/&lt;&lt;MapQuoteEndpoints&gt;b__0_3&gt;d" filename="Extensions\QuoteEndpointExtensions.cs" line-rate="1" branch-rate="1" complexity="4">
          <methods />
          <lines />
        </class>
        <class name="QuotesApi.Exceptions.DomainException" filename="Exceptions\DomainException.cs" line-rate="1" branch-rate="1" complexity="1">
          <methods>
            <method name=".ctor" signature="(System.String)" line-rate="1" branch-rate="1" complexity="1">
              <lines>
                <line number="5" hits="4" branch="False" />
                <line number="6" hits="4" branch="False" />
                <line number="7" hits="4" branch="False" />
              </lines>
            </method>
          </methods>
          <lines>
            <line number="5" hits="4" branch="False" />
            <line number="6" hits="4" branch="False" />
            <line number="7" hits="4" branch="False" />
          </lines>
        </class>
        <class name="QuotesApi.DTOs.CreateCollectionRequest" filename="DTOs\CreateCollectionRequest.cs" line-rate="1" branch-rate="1" complexity="1">
          <methods>
            <method name="get_Name" signature="()" line-rate="1" branch-rate="1" complexity="1">
              <lines>
                <line number="3" hits="34" branch="False" />
              </lines>
            </method>
          </methods>
          <lines>
            <line number="3" hits="34" branch="False" />
          </lines>
        </class>
        <class name="QuotesApi.DTOs.CreateQuoteRequest" filename="DTOs\CreateQuoteRequest.cs" line-rate="1" branch-rate="1" complexity="2">
          <methods>
            <method name="get_Author" signature="()" line-rate="1" branch-rate="1" complexity="1">
              <lines>
                <line number="9" hits="18" branch="False" />
              </lines>
            </method>
            <method name="get_Text" signature="()" line-rate="1" branch-rate="1" complexity="1">
              <lines>
                <line number="13" hits="18" branch="False" />
              </lines>
            </method>
          </methods>
          <lines>
            <line number="9" hits="18" branch="False" />
            <line number="13" hits="18" branch="False" />
          </lines>
        </class>
        <class name="QuotesApi.DTOs.LoginRequest" filename="DTOs\LoginRequest.cs" line-rate="1" branch-rate="1" complexity="3">
          <methods>
            <method name="get_Email" signature="()" line-rate="1" branch-rate="1" complexity="1">
              <lines>
                <line number="6" hits="50" branch="False" />
              </lines>
            </method>
            <method name="get_Password" signature="()" line-rate="1" branch-rate="1" complexity="1">
              <lines>
                <line number="7" hits="100" branch="False" />
              </lines>
            </method>
            <method name=".ctor" signature="(System.String,System.String)" line-rate="1" branch-rate="1" complexity="1">
              <lines>
                <line number="5" hits="50" branch="False" />
              </lines>
            </method>
          </methods>
          <lines>
            <line number="6" hits="50" branch="False" />
            <line number="7" hits="100" branch="False" />
            <line number="5" hits="50" branch="False" />
          </lines>
        </class>
        <class name="QuotesApi.DTOs.LoginResponse" filename="DTOs\LoginResponse.cs" line-rate="1" branch-rate="1" complexity="4">
          <methods>
            <method name="get_AccessToken" signature="()" line-rate="1" branch-rate="1" complexity="1">
              <lines>
                <line number="4" hits="45" branch="False" />
              </lines>
            </method>
            <method name="get_RefreshToken" signature="()" line-rate="1" branch-rate="1" complexity="1">
              <lines>
                <line number="5" hits="33" branch="False" />
              </lines>
            </method>
            <method name="get_ExpiresIn" signature="()" line-rate="1" branch-rate="1" complexity="1">
              <lines>
                <line number="6" hits="75" branch="False" />
              </lines>
            </method>
            <method name=".ctor" signature="(System.String,System.String,System.Int32)" line-rate="1" branch-rate="1" complexity="1">
              <lines>
                <line number="3" hits="49" branch="False" />
              </lines>
            </method>
          </methods>
          <lines>
            <line number="4" hits="45" branch="False" />
            <line number="5" hits="33" branch="False" />
            <line number="6" hits="75" branch="False" />
            <line number="3" hits="49" branch="False" />
          </lines>
        </class>
        <class name="QuotesApi.DTOs.RefreshTokenRequest" filename="DTOs\RefreshTokenRequest.cs" line-rate="1" branch-rate="1" complexity="1">
          <methods>
            <method name="get_Token" signature="()" line-rate="1" branch-rate="1" complexity="1">
              <lines>
                <line number="5" hits="28" branch="False" />
              </lines>
            </method>
          </methods>
          <lines>
            <line number="5" hits="28" branch="False" />
          </lines>
        </class>
        <class name="QuotesApi.Data.AppDbContext" filename="Data\AppDbContext.cs" line-rate="1" branch-rate="0.5" complexity="7">
          <methods>
            <method name="get_Quotes" signature="()" line-rate="1" branch-rate="1" complexity="1">
              <lines>
                <line number="13" hits="41" branch="False" />
              </lines>
            </method>
            <method name="get_Collections" signature="()" line-rate="1" branch-rate="1" complexity="1">
              <lines>
                <line number="14" hits="23" branch="False" />
              </lines>
            </method>
            <method name="get_Users" signature="()" line-rate="1" branch-rate="1" complexity="1">
              <lines>
                <line number="15" hits="97" branch="False" />
              </lines>
            </method>
            <method name="get_RefreshTokens" signature="()" line-rate="1" branch-rate="1" complexity="1">
              <lines>
                <line number="16" hits="34" branch="False" />
              </lines>
            </method>
            <method name="OnModelCreating" signature="(Microsoft.EntityFrameworkCore.ModelBuilder)" line-rate="1" branch-rate="0.5" complexity="2">
              <lines>
                <line number="19" hits="1" branch="False" />
                <line number="20" hits="1" branch="False" />
                <line number="22" hits="1" branch="False" />
                <line number="23" hits="1" branch="False" />
                <line number="24" hits="1" branch="False" />
                <line number="25" hits="1" branch="False" />
                <line number="26" hits="1" branch="False" />
                <line number="27" hits="1" branch="False" />
                <line number="28" hits="1" branch="False" />
                <line number="29" hits="2" branch="False" />
                <line number="31" hits="1" branch="False" />
                <line number="32" hits="1" branch="False" />
                <line number="33" hits="1" branch="False" />
                <line number="34" hits="1" branch="False" />
                <line number="35" hits="1" branch="False" />
                <line number="36" hits="1" branch="False" />
                <line number="37" hits="1" branch="False" />
                <line number="38" hits="2" branch="False" />
                <line number="40" hits="1" branch="False" />
                <line number="41" hits="1" branch="False" />
                <line number="42" hits="1" branch="False" />
                <line number="43" hits="1" branch="False" />
                <line number="44" hits="1" branch="False" />
                <line number="45" hits="1" branch="False" />
                <line number="46" hits="1" branch="False" />
                <line number="47" hits="1" branch="False" />
                <line number="48" hits="1" branch="False" />
                <line number="49" hits="2" branch="False" />
                <line number="51" hits="1" branch="False" />
                <line number="52" hits="1" branch="False" />
                <line number="53" hits="1" branch="False" />
                <line number="54" hits="1" branch="False" />
                <line number="55" hits="1" branch="False" />
                <line number="56" hits="1" branch="False" />
                <line number="57" hits="1" branch="False" />
                <line number="58" hits="1" branch="False" />
                <line number="59" hits="1" branch="False" />
                <line number="60" hits="1" branch="False" />
                <line number="61" hits="1" branch="False" />
                <line number="62" hits="1" branch="False" />
                <line number="63" hits="1" branch="False" />
                <line number="64" hits="1" branch="False" />
                <line number="65" hits="2" branch="False" />
                <line number="66" hits="1" branch="False" />
                <line number="67" hits="1" branch="False" />
                <line number="68" hits="1" branch="True" condition-coverage="50% (1/2)">
                  <conditions>
                    <condition number="269" type="jump" coverage="50%" />
                  </conditions>
                </line>
                <line number="69" hits="1" branch="False" />
                <line number="70" hits="2" branch="False" />
                <line number="71" hits="1" branch="False" />
              </lines>
            </method>
            <method name=".ctor" signature="(Microsoft.EntityFrameworkCore.DbContextOptions`1&lt;QuotesApi.Data.AppDbContext&gt;)" line-rate="1" branch-rate="1" complexity="1">
              <lines>
                <line number="9" hits="94" branch="False" />
                <line number="10" hits="94" branch="False" />
                <line number="11" hits="94" branch="False" />
              </lines>
            </method>
          </methods>
          <lines>
            <line number="13" hits="41" branch="False" />
            <line number="14" hits="23" branch="False" />
            <line number="15" hits="97" branch="False" />
            <line number="16" hits="34" branch="False" />
            <line number="19" hits="1" branch="False" />
            <line number="20" hits="1" branch="False" />
            <line number="22" hits="1" branch="False" />
            <line number="23" hits="1" branch="False" />
            <line number="24" hits="1" branch="False" />
            <line number="25" hits="1" branch="False" />
            <line number="26" hits="1" branch="False" />
            <line number="27" hits="1" branch="False" />
            <line number="28" hits="1" branch="False" />
            <line number="29" hits="2" branch="False" />
            <line number="31" hits="1" branch="False" />
            <line number="32" hits="1" branch="False" />
            <line number="33" hits="1" branch="False" />
            <line number="34" hits="1" branch="False" />
            <line number="35" hits="1" branch="False" />
            <line number="36" hits="1" branch="False" />
            <line number="37" hits="1" branch="False" />
            <line number="38" hits="2" branch="False" />
            <line number="40" hits="1" branch="False" />
            <line number="41" hits="1" branch="False" />
            <line number="42" hits="1" branch="False" />
            <line number="43" hits="1" branch="False" />
            <line number="44" hits="1" branch="False" />
            <line number="45" hits="1" branch="False" />
            <line number="46" hits="1" branch="False" />
            <line number="47" hits="1" branch="False" />
            <line number="48" hits="1" branch="False" />
            <line number="49" hits="2" branch="False" />
            <line number="51" hits="1" branch="False" />
            <line number="52" hits="1" branch="False" />
            <line number="53" hits="1" branch="False" />
            <line number="54" hits="1" branch="False" />
            <line number="55" hits="1" branch="False" />
            <line number="56" hits="1" branch="False" />
            <line number="57" hits="1" branch="False" />
            <line number="58" hits="1" branch="False" />
            <line number="59" hits="1" branch="False" />
            <line number="60" hits="1" branch="False" />
            <line number="61" hits="1" branch="False" />
            <line number="62" hits="1" branch="False" />
            <line number="63" hits="1" branch="False" />
            <line number="64" hits="1" branch="False" />
            <line number="65" hits="2" branch="False" />
            <line number="66" hits="1" branch="False" />
            <line number="67" hits="1" branch="False" />
            <line number="68" hits="1" branch="True" condition-coverage="50% (1/2)">
              <conditions>
                <condition number="269" type="jump" coverage="50%" />
              </conditions>
            </line>
            <line number="69" hits="1" branch="False" />
            <line number="70" hits="2" branch="False" />
            <line number="71" hits="1" branch="False" />
            <line number="9" hits="94" branch="False" />
            <line number="10" hits="94" branch="False" />
            <line number="11" hits="94" branch="False" />
          </lines>
        </class>
        <class name="QuotesApi.Data.DbSeeder/&lt;SeedAsync&gt;d__0" filename="Data\DbSeeder.cs" line-rate="0.909" branch-rate="0.5" complexity="2">
          <methods>
            <method name="MoveNext" signature="()" line-rate="0.909" branch-rate="0.5" complexity="2">
              <lines>
                <line number="8" hits="33" branch="False" />
                <line number="9" hits="33" branch="True" condition-coverage="50% (1/2)">
                  <conditions>
                    <condition number="47" type="jump" coverage="50%" />
                  </conditions>
                </line>
                <line number="10" hits="0" branch="False" />
                <line number="13" hits="33" branch="False" />
                <line number="14" hits="33" branch="False" />
                <line number="15" hits="33" branch="False" />
                <line number="16" hits="33" branch="False" />
                <line number="19" hits="33" branch="False" />
                <line number="20" hits="33" branch="False" />
                <line number="21" hits="33" branch="False" />
                <line number="22" hits="33" branch="False" />
              </lines>
            </method>
          </methods>
          <lines>
            <line number="8" hits="33" branch="False" />
            <line number="9" hits="33" branch="True" condition-coverage="50% (1/2)">
              <conditions>
                <condition number="47" type="jump" coverage="50%" />
              </conditions>
            </line>
            <line number="10" hits="0" branch="False" />
            <line number="13" hits="33" branch="False" />
            <line number="14" hits="33" branch="False" />
            <line number="15" hits="33" branch="False" />
            <line number="16" hits="33" branch="False" />
            <line number="19" hits="33" branch="False" />
            <line number="20" hits="33" branch="False" />
            <line number="21" hits="33" branch="False" />
            <line number="22" hits="33" branch="False" />
          </lines>
        </class>
        <class name="QuotesApi.Authorization.QuoteOwnerHandler" filename="Authorization\QuoteOwnerRequirement.cs" line-rate="1" branch-rate="0.625" complexity="8">
          <methods>
            <method name="HandleRequirementAsync" signature="(Microsoft.AspNetCore.Authorization.AuthorizationHandlerContext,QuotesApi.Authorization.QuoteOwnerRequirement,QuotesApi.Models.Quote)" line-rate="1" branch-rate="0.625" complexity="8">
              <lines>
                <line number="15" hits="2" branch="False" />
                <line number="16" hits="2" branch="True" condition-coverage="50% (1/2)">
                  <conditions>
                    <condition number="18" type="jump" coverage="50%" />
                  </conditions>
                </line>
                <line number="17" hits="2" branch="False" />
                <line number="19" hits="2" branch="True" condition-coverage="66.66% (4/6)">
                  <conditions>
                    <condition number="39" type="jump" coverage="50%" />
                    <condition number="55" type="jump" coverage="50%" />
                    <condition number="90" type="jump" coverage="100%" />
                  </conditions>
                </line>
                <line number="20" hits="2" branch="False" />
                <line number="21" hits="2" branch="False" />
                <line number="22" hits="1" branch="False" />
                <line number="23" hits="1" branch="False" />
                <line number="24" hits="1" branch="False" />
                <line number="26" hits="2" branch="False" />
                <line number="27" hits="2" branch="False" />
              </lines>
            </method>
          </methods>
          <lines>
            <line number="15" hits="2" branch="False" />
            <line number="16" hits="2" branch="True" condition-coverage="50% (1/2)">
              <conditions>
                <condition number="18" type="jump" coverage="50%" />
              </conditions>
            </line>
            <line number="17" hits="2" branch="False" />
            <line number="19" hits="2" branch="True" condition-coverage="66.66% (4/6)">
              <conditions>
                <condition number="39" type="jump" coverage="50%" />
                <condition number="55" type="jump" coverage="50%" />
                <condition number="90" type="jump" coverage="100%" />
              </conditions>
            </line>
            <line number="20" hits="2" branch="False" />
            <line number="21" hits="2" branch="False" />
            <line number="22" hits="1" branch="False" />
            <line number="23" hits="1" branch="False" />
            <line number="24" hits="1" branch="False" />
            <line number="26" hits="2" branch="False" />
            <line number="27" hits="2" branch="False" />
          </lines>
        </class>
      </classes>
    </package>
  </packages>
</coverage>